<?xml version="1.0" encoding="UTF-8"?>
<coverage generated="1772825963390" clover="3.2.0">
  <project timestamp="1772825963390" name="All files">
    <metrics statements="52" coveredstatements="32" conditionals="24" coveredconditionals="18" methods="5" coveredmethods="4" elements="81" coveredelements="54" complexity="0" loc="52" ncloc="52" packages="1" files="1" classes="1"/>
    <file name="index.js" path="/Users/ryanjbaxter/git-repos/ryanjbaxter/spring-cloud/spring-cloud-github-actions/.github/actions/extract-bom-versions/src/index.js">
      <metrics statements="52" coveredstatements="32" conditionals="24" coveredconditionals="18" methods="5" coveredmethods="4"/>
      <line num="1" count="1" type="stmt"/>
      <line num="2" count="1" type="stmt"/>
      <line num="3" count="1" type="stmt"/>
      <line num="5" count="1" type="stmt"/>
      <line num="6" count="1" type="stmt"/>
      <line num="9" count="0" type="stmt"/>
      <line num="10" count="0" type="stmt"/>
      <line num="11" count="0" type="stmt"/>
      <line num="12" count="0" type="stmt"/>
      <line num="14" count="0" type="cond" truecount="0" falsecount="4"/>
      <line num="15" count="0" type="stmt"/>
      <line num="18" count="0" type="stmt"/>
      <line num="21" count="0" type="stmt"/>
      <line num="22" count="0" type="stmt"/>
      <line num="24" count="0" type="stmt"/>
      <line num="25" count="0" type="stmt"/>
      <line num="28" count="0" type="stmt"/>
      <line num="29" count="0" type="stmt"/>
      <line num="33" count="0" type="stmt"/>
      <line num="34" count="0" type="stmt"/>
      <line num="35" count="0" type="stmt"/>
      <line num="36" count="0" type="stmt"/>
      <line num="39" count="0" type="stmt"/>
      <line num="41" count="0" type="stmt"/>
      <line num="54" count="4" type="cond" truecount="2" falsecount="0"/>
      <line num="55" count="4" type="stmt"/>
      <line num="67" count="5" type="stmt"/>
      <line num="68" count="5" type="cond" truecount="2" falsecount="0"/>
      <line num="69" count="3" type="stmt"/>
      <line num="72" count="5" type="stmt"/>
      <line num="74" count="5" type="cond" truecount="2" falsecount="0"/>
      <line num="76" count="3" type="cond" truecount="4" falsecount="0"/>
      <line num="79" count="3" type="stmt"/>
      <line num="82" count="2" type="stmt"/>
      <line num="93" count="4" type="stmt"/>
      <line num="94" count="4" type="stmt"/>
      <line num="95" count="4" type="stmt"/>
      <line num="97" count="4" type="cond" truecount="2" falsecount="0"/>
      <line num="98" count="1" type="stmt"/>
      <line num="101" count="3" type="stmt"/>
      <line num="104" count="3" type="cond" truecount="1" falsecount="1"/>
      <line num="105" count="3" type="stmt"/>
      <line num="110" count="3" type="cond" truecount="2" falsecount="0"/>
      <line num="111" count="3" type="stmt"/>
      <line num="112" count="16" type="cond" truecount="2" falsecount="0"/>
      <line num="113" count="14" type="stmt"/>
      <line num="114" count="14" type="stmt"/>
      <line num="118" count="3" type="stmt"/>
      <line num="130" count="4" type="stmt"/>
      <line num="133" count="1" type="stmt"/>
      <line num="136" count="1" type="cond" truecount="1" falsecount="1"/>
      <line num="137" count="0" type="stmt"/>
    </file>
  </project>
</coverage>
