{"/Users/ryanjbaxter/git-repos/ryanjbaxter/spring-cloud/spring-cloud-github-actions/.github/actions/extract-bom-versions/src/index.js": {"path":"/Users/ryanjbaxter/git-repos/ryanjbaxter/spring-cloud/spring-cloud-github-actions/.github/actions/extract-bom-versions/src/index.js","statementMap":{"0":{"start":{"line":1,"column":13},"end":{"line":1,"column":37}},"1":{"start":{"line":2,"column":22},"end":{"line":2,"column":48}},"2":{"start":{"line":3,"column":11},"end":{"line":3,"column":24}},"3":{"start":{"line":5,"column":21},"end":{"line":5,"column":56}},"4":{"start":{"line":6,"column":28},"end":{"line":6,"column":74}},"5":{"start":{"line":9,"column":2},"end":{"line":42,"column":3}},"6":{"start":{"line":10,"column":16},"end":{"line":10,"column":36}},"7":{"start":{"line":11,"column":23},"end":{"line":11,"column":61}},"8":{"start":{"line":12,"column":18},"end":{"line":12,"column":40}},"9":{"start":{"line":14,"column":4},"end":{"line":19,"column":5}},"10":{"start":{"line":15,"column":6},"end":{"line":17,"column":8}},"11":{"start":{"line":18,"column":6},"end":{"line":18,"column":13}},"12":{"start":{"line":21,"column":16},"end":{"line":21,"column":42}},"13":{"start":{"line":22,"column":4},"end":{"line":22,"column":43}},"14":{"start":{"line":24,"column":16},"end":{"line":24,"column":45}},"15":{"start":{"line":25,"column":21},"end":{"line":25,"column":41}},"16":{"start":{"line":28,"column":25},"end":{"line":28,"column":49}},"17":{"start":{"line":29,"column":4},"end":{"line":29,"column":45}},"18":{"start":{"line":33,"column":4},"end":{"line":37,"column":5}},"19":{"start":{"line":34,"column":21},"end":{"line":34,"column":39}},"20":{"start":{"line":35,"column":6},"end":{"line":35,"column":43}},"21":{"start":{"line":36,"column":6},"end":{"line":36,"column":49}},"22":{"start":{"line":39,"column":4},"end":{"line":39,"column":92}},"23":{"start":{"line":41,"column":4},"end":{"line":41,"column":54}},"24":{"start":{"line":54,"column":15},"end":{"line":54,"column":62}},"25":{"start":{"line":55,"column":2},"end":{"line":55,"column":68}},"26":{"start":{"line":67,"column":18},"end":{"line":67,"column":42}},"27":{"start":{"line":68,"column":2},"end":{"line":70,"column":3}},"28":{"start":{"line":69,"column":4},"end":{"line":69,"column":49}},"29":{"start":{"line":72,"column":19},"end":{"line":72,"column":48}},"30":{"start":{"line":74,"column":2},"end":{"line":80,"column":3}},"31":{"start":{"line":76,"column":6},"end":{"line":78,"column":12}},"32":{"start":{"line":79,"column":4},"end":{"line":79,"column":100}},"33":{"start":{"line":82,"column":2},"end":{"line":82,"column":25}},"34":{"start":{"line":93,"column":17},"end":{"line":93,"column":59}},"35":{"start":{"line":94,"column":14},"end":{"line":94,"column":31}},"36":{"start":{"line":95,"column":18},"end":{"line":95,"column":30}},"37":{"start":{"line":97,"column":2},"end":{"line":99,"column":3}},"38":{"start":{"line":98,"column":4},"end":{"line":98,"column":73}},"39":{"start":{"line":101,"column":19},"end":{"line":101,"column":21}},"40":{"start":{"line":104,"column":2},"end":{"line":106,"column":3}},"41":{"start":{"line":105,"column":4},"end":{"line":105,"column":56}},"42":{"start":{"line":110,"column":21},"end":{"line":110,"column":46}},"43":{"start":{"line":111,"column":2},"end":{"line":116,"column":3}},"44":{"start":{"line":112,"column":4},"end":{"line":115,"column":5}},"45":{"start":{"line":113,"column":26},"end":{"line":113,"column":55}},"46":{"start":{"line":114,"column":6},"end":{"line":114,"column":44}},"47":{"start":{"line":118,"column":2},"end":{"line":118,"column":18}},"48":{"start":{"line":130,"column":2},"end":{"line":130,"column":80}},"49":{"start":{"line":133,"column":0},"end":{"line":133,"column":75}},"50":{"start":{"line":136,"column":0},"end":{"line":138,"column":1}},"51":{"start":{"line":137,"column":2},"end":{"line":137,"column":8}}},"fnMap":{"0":{"name":"run","decl":{"start":{"line":8,"column":15},"end":{"line":8,"column":18}},"loc":{"start":{"line":8,"column":21},"end":{"line":43,"column":1}},"line":8},"1":{"name":"getBomUrl","decl":{"start":{"line":53,"column":9},"end":{"line":53,"column":18}},"loc":{"start":{"line":53,"column":36},"end":{"line":56,"column":1}},"line":53},"2":{"name":"fetchBomXml","decl":{"start":{"line":66,"column":15},"end":{"line":66,"column":26}},"loc":{"start":{"line":66,"column":39},"end":{"line":83,"column":1}},"line":66},"3":{"name":"extractVersions","decl":{"start":{"line":92,"column":9},"end":{"line":92,"column":24}},"loc":{"start":{"line":92,"column":30},"end":{"line":119,"column":1}},"line":92},"4":{"name":"nameToEnvVar","decl":{"start":{"line":129,"column":9},"end":{"line":129,"column":21}},"loc":{"start":{"line":129,"column":28},"end":{"line":131,"column":1}},"line":129}},"branchMap":{"0":{"loc":{"start":{"line":14,"column":4},"end":{"line":19,"column":5}},"type":"if","locations":[{"start":{"line":14,"column":4},"end":{"line":19,"column":5}},{"start":{},"end":{}}],"line":14},"1":{"loc":{"start":{"line":14,"column":8},"end":{"line":14,"column":28}},"type":"binary-expr","locations":[{"start":{"line":14,"column":8},"end":{"line":14,"column":18}},{"start":{"line":14,"column":22},"end":{"line":14,"column":28}}],"line":14},"2":{"loc":{"start":{"line":54,"column":15},"end":{"line":54,"column":62}},"type":"cond-expr","locations":[{"start":{"line":54,"column":28},"end":{"line":54,"column":47}},{"start":{"line":54,"column":50},"end":{"line":54,"column":62}}],"line":54},"3":{"loc":{"start":{"line":68,"column":2},"end":{"line":70,"column":3}},"type":"if","locations":[{"start":{"line":68,"column":2},"end":{"line":70,"column":3}},{"start":{},"end":{}}],"line":68},"4":{"loc":{"start":{"line":74,"column":2},"end":{"line":80,"column":3}},"type":"if","locations":[{"start":{"line":74,"column":2},"end":{"line":80,"column":3}},{"start":{},"end":{}}],"line":74},"5":{"loc":{"start":{"line":76,"column":6},"end":{"line":78,"column":12}},"type":"cond-expr","locations":[{"start":{"line":77,"column":10},"end":{"line":77,"column":65}},{"start":{"line":78,"column":10},"end":{"line":78,"column":12}}],"line":76},"6":{"loc":{"start":{"line":76,"column":6},"end":{"line":76,"column":56}},"type":"binary-expr","locations":[{"start":{"line":76,"column":6},"end":{"line":76,"column":29}},{"start":{"line":76,"column":33},"end":{"line":76,"column":56}}],"line":76},"7":{"loc":{"start":{"line":97,"column":2},"end":{"line":99,"column":3}},"type":"if","locations":[{"start":{"line":97,"column":2},"end":{"line":99,"column":3}},{"start":{},"end":{}}],"line":97},"8":{"loc":{"start":{"line":104,"column":2},"end":{"line":106,"column":3}},"type":"if","locations":[{"start":{"line":104,"column":2},"end":{"line":106,"column":3}},{"start":{},"end":{}}],"line":104},"9":{"loc":{"start":{"line":110,"column":21},"end":{"line":110,"column":46}},"type":"binary-expr","locations":[{"start":{"line":110,"column":21},"end":{"line":110,"column":40}},{"start":{"line":110,"column":44},"end":{"line":110,"column":46}}],"line":110},"10":{"loc":{"start":{"line":112,"column":4},"end":{"line":115,"column":5}},"type":"if","locations":[{"start":{"line":112,"column":4},"end":{"line":115,"column":5}},{"start":{},"end":{}}],"line":112},"11":{"loc":{"start":{"line":136,"column":0},"end":{"line":138,"column":1}},"type":"if","locations":[{"start":{"line":136,"column":0},"end":{"line":138,"column":1}},{"start":{},"end":{}}],"line":136}},"s":{"0":1,"1":1,"2":1,"3":1,"4":1,"5":0,"6":0,"7":0,"8":0,"9":0,"10":0,"11":0,"12":0,"13":0,"14":0,"15":0,"16":0,"17":0,"18":0,"19":0,"20":0,"21":0,"22":0,"23":0,"24":4,"25":4,"26":5,"27":5,"28":3,"29":5,"30":5,"31":3,"32":3,"33":2,"34":4,"35":4,"36":4,"37":4,"38":1,"39":3,"40":3,"41":3,"42":3,"43":3,"44":16,"45":14,"46":14,"47":3,"48":4,"49":1,"50":1,"51":0},"f":{"0":0,"1":4,"2":5,"3":4,"4":4},"b":{"0":[0,0],"1":[0,0],"2":[1,3],"3":[3,2],"4":[3,2],"5":[2,1],"6":[3,2],"7":[1,3],"8":[3,0],"9":[3,1],"10":[14,2],"11":[0,1]},"_coverageSchema":"1a1c01bbd47fc00a2c39e90264f33305004495a9","hash":"d2614dd567ed199bbc6b73cd4cbacb96f81c09fc"}
}
