TN:
SF:src/index.js
FN:8,run
FN:53,getBomUrl
FN:66,fetchBomXml
FN:92,extractVersions
FN:129,nameToEnvVar
FNF:5
FNH:4
FNDA:0,run
FNDA:4,getBomUrl
FNDA:5,fetchBomXml
FNDA:4,extractVersions
FNDA:4,nameToEnvVar
DA:1,1
DA:2,1
DA:3,1
DA:5,1
DA:6,1
DA:9,0
DA:10,0
DA:11,0
DA:12,0
DA:14,0
DA:15,0
DA:18,0
DA:21,0
DA:22,0
DA:24,0
DA:25,0
DA:28,0
DA:29,0
DA:33,0
DA:34,0
DA:35,0
DA:36,0
DA:39,0
DA:41,0
DA:54,4
DA:55,4
DA:67,5
DA:68,5
DA:69,3
DA:72,5
DA:74,5
DA:76,3
DA:79,3
DA:82,2
DA:93,4
DA:94,4
DA:95,4
DA:97,4
DA:98,1
DA:101,3
DA:104,3
DA:105,3
DA:110,3
DA:111,3
DA:112,16
DA:113,14
DA:114,14
DA:118,3
DA:130,4
DA:133,1
DA:136,1
DA:137,0
LF:52
LH:32
BRDA:14,0,0,0
BRDA:14,0,1,0
BRDA:14,1,0,0
BRDA:14,1,1,0
BRDA:54,2,0,1
BRDA:54,2,1,3
BRDA:68,3,0,3
BRDA:68,3,1,2
BRDA:74,4,0,3
BRDA:74,4,1,2
BRDA:76,5,0,2
BRDA:76,5,1,1
BRDA:76,6,0,3
BRDA:76,6,1,2
BRDA:97,7,0,1
BRDA:97,7,1,3
BRDA:104,8,0,3
BRDA:104,8,1,0
BRDA:110,9,0,3
BRDA:110,9,1,1
BRDA:112,10,0,14
BRDA:112,10,1,2
BRDA:136,11,0,0
BRDA:136,11,1,1
BRF:24
BRH:18
end_of_record
